app/build/intermediates/manifest_merge_blame_file/debug/manifest-merger-blame-debug-report.txt
1<?xml version="1.0" encoding="utf-8"?>
2<manifest xmlns:android="http://schemas.android.com/apk/res/android"
3    package="com.example.myapplication"
4    android:versionCode="1"
5    android:versionName="1.0" >
6
7    <uses-sdk
8        android:minSdkVersion="16"
8-->src\main\AndroidManifest.xml
9        android:targetSdkVersion="29" />
9-->src\main\AndroidManifest.xml
10
11    <uses-permission android:name="android.permission.INTERNET" />
11-->src\main\AndroidManifest.xml:5:5-67
11-->src\main\AndroidManifest.xml:5:22-64
12    <uses-permission android:name="android.permission.ACCESS_NETWORK_STATE" />
12-->src\main\AndroidManifest.xml:6:5-79
12-->src\main\AndroidManifest.xml:6:22-76
13    <uses-permission android:name="android.permission.READ_EXTERNAL_STORAGE" />
13-->src\main\AndroidManifest.xml:7:5-80
13-->src\main\AndroidManifest.xml:7:22-77
14    <uses-permission android:name="android.permission.WRITE_EXTERNAL_STORAGE" />
14-->src\main\AndroidManifest.xml:8:5-81
14-->src\main\AndroidManifest.xml:8:22-78
15    <uses-permission android:name="android.permission.CAMERA" />
15-->src\main\AndroidManifest.xml:9:5-65
15-->src\main\AndroidManifest.xml:9:22-62
16    <uses-permission android:name="android.permission.WAKE_LOCK" /> <!-- Required by older versions of Google Play services to create IID tokens -->
16-->[com.google.firebase:firebase-iid:19.0.0] AndroidManifest.xml:24:5-68
16-->[com.google.firebase:firebase-iid:19.0.0] AndroidManifest.xml:24:22-65
17    <uses-permission android:name="com.google.android.c2dm.permission.RECEIVE" />
17-->[com.google.firebase:firebase-iid:19.0.0] AndroidManifest.xml:26:5-82
17-->[com.google.firebase:firebase-iid:19.0.0] AndroidManifest.xml:26:22-79
18
19    <application
19-->src\main\AndroidManifest.xml:11:5-48:19
20        android:name="androidx.multidex.MultiDexApplication"
21        android:allowBackup="true"
21-->src\main\AndroidManifest.xml:12:9-35
22        android:appComponentFactory="androidx.core.app.CoreComponentFactory"
22-->[androidx.core:core:1.0.1] AndroidManifest.xml:22:18-86
23        android:debuggable="true"
24        android:icon="@mipmap/goggleicon"
24-->src\main\AndroidManifest.xml:13:9-42
25        android:label="Goggles Translator"
25-->src\main\AndroidManifest.xml:14:9-43
26        android:roundIcon="@mipmap/goggleicon"
26-->src\main\AndroidManifest.xml:15:9-47
27        android:supportsRtl="true"
27-->src\main\AndroidManifest.xml:16:9-35
28        android:testOnly="true"
29        android:theme="@style/AppTheme" >
29-->src\main\AndroidManifest.xml:17:9-40
30        <activity
30-->src\main\AndroidManifest.xml:19:9-27:20
31            android:name="com.example.myapplication.splash"
31-->src\main\AndroidManifest.xml:19:19-41
32            android:screenOrientation="portrait"
32-->src\main\AndroidManifest.xml:20:13-49
33            android:theme="@style/Theme.AppCompat.Light.NoActionBar" >
33-->src\main\AndroidManifest.xml:21:13-69
34            <intent-filter>
34-->src\main\AndroidManifest.xml:22:13-26:29
35                <action android:name="android.intent.action.MAIN" />
35-->src\main\AndroidManifest.xml:23:17-69
35-->src\main\AndroidManifest.xml:23:25-66
36
37                <category android:name="android.intent.category.LAUNCHER" />
37-->src\main\AndroidManifest.xml:25:17-77
37-->src\main\AndroidManifest.xml:25:27-74
38            </intent-filter>
39        </activity>
40        <activity
40-->src\main\AndroidManifest.xml:28:9-31:72
41            android:name="com.example.myapplication.about"
41-->src\main\AndroidManifest.xml:29:13-34
42            android:screenOrientation="portrait"
42-->src\main\AndroidManifest.xml:30:13-49
43            android:theme="@style/Theme.AppCompat.Light.NoActionBar" />
43-->src\main\AndroidManifest.xml:31:13-69
44        <activity
44-->src\main\AndroidManifest.xml:32:9-35:72
45            android:name="com.example.myapplication.JustTranslate"
45-->src\main\AndroidManifest.xml:33:13-42
46            android:screenOrientation="portrait"
46-->src\main\AndroidManifest.xml:34:13-49
47            android:theme="@style/Theme.AppCompat.Light.NoActionBar" />
47-->src\main\AndroidManifest.xml:35:13-69
48        <activity
48-->src\main\AndroidManifest.xml:36:9-39:72
49            android:name="com.example.myapplication.Main2Activity"
49-->src\main\AndroidManifest.xml:37:13-42
50            android:screenOrientation="portrait"
50-->src\main\AndroidManifest.xml:38:13-49
51            android:theme="@style/Theme.AppCompat.Light.NoActionBar" />
51-->src\main\AndroidManifest.xml:39:13-69
52        <activity
52-->src\main\AndroidManifest.xml:40:9-44:20
53            android:name="com.example.myapplication.MainActivity"
53-->src\main\AndroidManifest.xml:41:13-41
54            android:screenOrientation="portrait"
54-->src\main\AndroidManifest.xml:42:13-49
55            android:theme="@style/Theme.AppCompat.Light.NoActionBar" >
55-->src\main\AndroidManifest.xml:43:13-69
56        </activity>
57        <activity
57-->src\main\AndroidManifest.xml:45:9-47:47
58            android:name="com.theartofdev.edmodo.cropper.CropImageActivity"
58-->src\main\AndroidManifest.xml:46:13-76
59            android:theme="@style/AppTheme" />
59-->src\main\AndroidManifest.xml:47:13-44
60
61        <service
61-->[com.google.firebase:firebase-ml-natural-language:22.0.0] AndroidManifest.xml:9:9-15:19
62            android:name="com.google.firebase.components.ComponentDiscoveryService"
62-->[com.google.firebase:firebase-ml-natural-language:22.0.0] AndroidManifest.xml:10:13-84
63            android:exported="false" >
63-->[com.google.firebase:firebase-ml-natural-language:22.0.0] AndroidManifest.xml:11:13-37
64            <meta-data
64-->[com.google.firebase:firebase-ml-natural-language:22.0.0] AndroidManifest.xml:12:13-14:85
65                android:name="com.google.firebase.components:com.google.firebase.ml.naturallanguage.NaturalLanguageRegistrar"
65-->[com.google.firebase:firebase-ml-natural-language:22.0.0] AndroidManifest.xml:13:17-126
66                android:value="com.google.firebase.components.ComponentRegistrar" />
66-->[com.google.firebase:firebase-ml-natural-language:22.0.0] AndroidManifest.xml:14:17-82
67            <meta-data
67-->[com.google.firebase:firebase-ml-natural-language-translate:22.0.0] AndroidManifest.xml:12:13-14:85
68                android:name="com.google.firebase.components:com.google.firebase.ml.naturallanguage.translate.NaturalLanguageTranslateRegistrar"
68-->[com.google.firebase:firebase-ml-natural-language-translate:22.0.0] AndroidManifest.xml:13:17-145
69                android:value="com.google.firebase.components.ComponentRegistrar" />
69-->[com.google.firebase:firebase-ml-natural-language-translate:22.0.0] AndroidManifest.xml:14:17-82
70            <meta-data
70-->[com.google.firebase:firebase-ml-common:22.0.0] AndroidManifest.xml:11:13-13:85
71                android:name="com.google.firebase.components:com.google.firebase.ml.common.CommonComponentRegistrar"
71-->[com.google.firebase:firebase-ml-common:22.0.0] AndroidManifest.xml:12:17-117
72                android:value="com.google.firebase.components.ComponentRegistrar" />
72-->[com.google.firebase:firebase-ml-common:22.0.0] AndroidManifest.xml:13:17-82
73            <meta-data
73-->[com.google.firebase:firebase-config:19.0.0] AndroidManifest.xml:32:13-34:85
74                android:name="com.google.firebase.components:com.google.firebase.remoteconfig.RemoteConfigRegistrar"
74-->[com.google.firebase:firebase-config:19.0.0] AndroidManifest.xml:33:17-117
75                android:value="com.google.firebase.components.ComponentRegistrar" />
75-->[com.google.firebase:firebase-config:19.0.0] AndroidManifest.xml:34:17-82
76            <meta-data
76-->[com.google.firebase:firebase-iid:19.0.0] AndroidManifest.xml:32:13-34:85
77                android:name="com.google.firebase.components:com.google.firebase.iid.Registrar"
77-->[com.google.firebase:firebase-iid:19.0.0] AndroidManifest.xml:33:17-96
78                android:value="com.google.firebase.components.ComponentRegistrar" />
78-->[com.google.firebase:firebase-iid:19.0.0] AndroidManifest.xml:34:17-82
79            <meta-data
79-->[com.google.firebase:firebase-abt:19.0.0] AndroidManifest.xml:13:13-15:85
80                android:name="com.google.firebase.components:com.google.firebase.abt.component.AbtRegistrar"
80-->[com.google.firebase:firebase-abt:19.0.0] AndroidManifest.xml:14:17-109
81                android:value="com.google.firebase.components.ComponentRegistrar" />
81-->[com.google.firebase:firebase-abt:19.0.0] AndroidManifest.xml:15:17-82
82        </service>
83
84        <receiver
84-->[com.google.firebase:firebase-iid:19.0.0] AndroidManifest.xml:37:9-44:20
85            android:name="com.google.firebase.iid.FirebaseInstanceIdReceiver"
85-->[com.google.firebase:firebase-iid:19.0.0] AndroidManifest.xml:38:13-78
86            android:exported="true"
86-->[com.google.firebase:firebase-iid:19.0.0] AndroidManifest.xml:39:13-36
87            android:permission="com.google.android.c2dm.permission.SEND" >
87-->[com.google.firebase:firebase-iid:19.0.0] AndroidManifest.xml:40:13-73
88            <intent-filter>
88-->[com.google.firebase:firebase-iid:19.0.0] AndroidManifest.xml:41:13-43:29
89                <action android:name="com.google.android.c2dm.intent.RECEIVE" />
89-->[com.google.firebase:firebase-iid:19.0.0] AndroidManifest.xml:42:17-81
89-->[com.google.firebase:firebase-iid:19.0.0] AndroidManifest.xml:42:25-78
90            </intent-filter>
91        </receiver>
92
93        <activity
93-->[com.google.android.gms:play-services-base:17.0.0] AndroidManifest.xml:23:9-26:75
94            android:name="com.google.android.gms.common.api.GoogleApiActivity"
94-->[com.google.android.gms:play-services-base:17.0.0] AndroidManifest.xml:24:13-79
95            android:exported="false"
95-->[com.google.android.gms:play-services-base:17.0.0] AndroidManifest.xml:25:13-37
96            android:theme="@android:style/Theme.Translucent.NoTitleBar" />
96-->[com.google.android.gms:play-services-base:17.0.0] AndroidManifest.xml:26:13-72
97
98        <provider
98-->[com.google.firebase:firebase-common:19.0.0] AndroidManifest.xml:12:9-16:39
99            android:name="com.google.firebase.provider.FirebaseInitProvider"
99-->[com.google.firebase:firebase-common:19.0.0] AndroidManifest.xml:13:13-77
100            android:authorities="com.example.myapplication.firebaseinitprovider"
100-->[com.google.firebase:firebase-common:19.0.0] AndroidManifest.xml:14:13-72
101            android:exported="false"
101-->[com.google.firebase:firebase-common:19.0.0] AndroidManifest.xml:15:13-37
102            android:initOrder="100" />
102-->[com.google.firebase:firebase-common:19.0.0] AndroidManifest.xml:16:13-36
103
104        <meta-data
104-->[com.google.android.gms:play-services-basement:17.0.0] AndroidManifest.xml:23:9-25:69
105            android:name="com.google.android.gms.version"
105-->[com.google.android.gms:play-services-basement:17.0.0] AndroidManifest.xml:24:13-58
106            android:value="@integer/google_play_services_version" />
106-->[com.google.android.gms:play-services-basement:17.0.0] AndroidManifest.xml:25:13-66
107    </application>
108
109</manifest>